Build started 6/25/2015 5:49:00 AM.
     1>Project "c:\Users\LENOVO\documents\visual studio 2010\Projects\Age Estimator\Age Estimator\Age Estimator.vcxproj" on node 2 (build target(s)).
     1>PrepareForBuild:
         Creating directory "c:\users\lenovo\documents\visual studio 2010\Projects\Age Estimator\Debug\".
       InitializeBuildStatus:
         Creating "Debug\Age Estimator.unsuccessfulbuild" because "AlwaysCreate" was specified.
       ClCompile:
         C:\Program Files (x86)\Microsoft Visual Studio 10.0\VC\bin\CL.exe /c /IC:\OPENCV\opencv\build\include /ZI /nologo /W3 /WX- /Od /Oy- /D WIN32 /D _DEBUG /D _CONSOLE /D _UNICODE /D UNICODE /Gm /EHsc /RTC1 /MDd /GS /fp:precise /Zc:wchar_t /Zc:forScope /Fo"Debug\\" /Fd"Debug\vc100.pdb" /Gd /TP /analyze- /errorReport:prompt "..\..\Age detection\Age detection\LBP.cpp" "..\..\Age detection\Age detection\main.cpp"
         main.cpp
         LBP.cpp
         Generating Code...
       ManifestResourceCompile:
         C:\Program Files (x86)\Microsoft SDKs\Windows\v7.0A\bin\rc.exe /nologo /fo"Debug\Age Estimator.exe.embed.manifest.res" "Debug\Age Estimator_manifest.rc" 
       Link:
         C:\Program Files (x86)\Microsoft Visual Studio 10.0\VC\bin\link.exe /ERRORREPORT:PROMPT /OUT:"c:\users\lenovo\documents\visual studio 2010\Projects\Age Estimator\Debug\Age Estimator.exe" /INCREMENTAL /NOLOGO /LIBPATH:C:\OPENCV\opencv\build\x86\vc10\lib opencv_contrib2411d.lib opencv_core2411d.lib opencv_features2d2411d.lib opencv_flann2411d.lib opencv_calib3d2411d.lib opencv_gpu2411d.lib opencv_highgui2411d.lib opencv_imgproc2411d.lib opencv_legacy2411d.lib opencv_ml2411d.lib opencv_objdetect2411d.lib opencv_ts2411d.lib opencv_video2411d.lib opencv_nonfree2411d.lib kernel32.lib user32.lib gdi32.lib winspool.lib comdlg32.lib advapi32.lib shell32.lib ole32.lib oleaut32.lib uuid.lib odbc32.lib odbccp32.lib /MANIFEST /ManifestFile:"Debug\Age Estimator.exe.intermediate.manifest" /MANIFESTUAC:"level='asInvoker' uiAccess='false'" /DEBUG /PDB:"c:\users\lenovo\documents\visual studio 2010\Projects\Age Estimator\Debug\Age Estimator.pdb" /SUBSYSTEM:CONSOLE /TLBID:1 /DYNAMICBASE /NXCOMPAT /IMPLIB:"c:\users\lenovo\documents\visual studio 2010\Projects\Age Estimator\Debug\Age Estimator.lib" /MACHINE:X86 "Debug\Age Estimator.exe.embed.manifest.res"
         Debug\LBP.obj
         Debug\main.obj
     1>LINK : fatal error LNK1123: failure during conversion to COFF: file invalid or corrupt
     1>Done Building Project "c:\Users\LENOVO\documents\visual studio 2010\Projects\Age Estimator\Age Estimator\Age Estimator.vcxproj" (build target(s)) -- FAILED.

Build FAILED.

Time Elapsed 00:00:05.86
